-----BEGIN PRIVATE KEY-----
MIIEvQIBADANBgkqhkiG9w0BAQEFAASCBKcwggSjAgEAAoIBAQDDn4LbfQ7H9MQx
WL5GoE4tzcURicdvp4bshN2XGIlqG7ZZXMZScGw6dg52rxz2AyluhluwoQTzYtcl
FtTZJSEV3MO3Rm9jebi+CSqW97teN+EbksQX1eM4VkQ+C1hmcNI/gSNBa+sY1hdB
hUvJJLZYKYYqEbB4zcgl6fE2q3JEtXdo56IOgd9bUXGNxk80X8gYF1vKVte8OIRb
wOp4AmWa8l2cyt4MPJdsmVlP0xHR9gqXAX2vZoKMgoQ06X0gVU4R32md99OVn8Y9
dbPV7ZmCBQQZNUFeJqRnaf+0W7pO3TwMl7yEiIXOV5fHdxvezhukyAmqyUjWCnC6
+ijtWWO5AgMBAAECggEACITbx/8sM5z/Jj79GkpE3U3GtTrQypX7FDW9CKVy5oIK
cN3PbSukKu+VNanukvAUT9HeEFUSyB6Xy++wmTw6sp8IjuSsWSKl3vC7QBPNvw6j
6PV9QKR53qwzEJih4uQq48UV6fVvKYe5P4s0f6/vmOtGAnL+wmQDwVLsxDq3ITLK
NDqCkDAMHdh1p7eywCgPY8gFCCj8bcjhlHrE1Qn1fSWRu3v4+DgUJDcaO+L1XWG8
VSVAnufx2IpmHFMCUPMUehpx4nwyQkfEZU9BXupkU2Wk7xGz6pkz2Hi46Qn00Fe/
CiAIf5spFCkFpo3zgsSEBULGiNzogxwMUm7gqYcNOQKBgQD/vcz7jTm2Sw1C1bb0
LX6jhaSPPYm8/tukbKIY4uk31VZQWUAZcFjElJBdYsiH3pZj2fxKgj1z5mRSgZ6c
kN8XKfRo3rvAA2s0y523LZeq+rs0pGwiqo061o1FEFaK3NqcEfoDO66xz1S9jKpM
/k8mBlfuiSqEEtl68xRVNBYc5wKBgQDD0iYPkbtOY0aPOAc9nmXCGN65KLIkW6cz
xRwwgDehBnTdRS7gOA0Nev7lxXeADaV2ZsR1XBycgjduRZSNUuEvzaSuJAx4K5Z1
XLTDmAgkL+ysaONnJqwHpOdec69EaHOzXYwWPqfk66CPR5Ktcc4ur/KL00YF4dFk
bQPeF6bGXwKBgQDncC/KUqMw2rjUjC32yhk6CN7Elo9JD2dcZMdJOEiQs6taKXr9
ypM6y6veJ2CMvR5inMpZ74WHlq+hjxYoYF7USq6aHT/R5AYoEEDZnhQMsr2qRUZr
FOecoL/WCZQYNQhNh2M3e9J7rcLliyAvb1HXepQnFdD5F0njn4n+FZYRbwKBgHPF
WI833382nk6qF03Myeh4/6SEdN2d+jpXPJVIGJtwz8LJ1i7ltIHVx8Fcf4wLhVl8
5IVmEdxN+CuPo4XyDARRFh2GXoDldCyqxIwm5BlQ5CICWP9xE5/pVIi46FQPVOgk
VGAKZwSmceSDsios8HMVvtX/8JQlr8Ap23GAli8NAoGAQsuj39gnXP7iiht6nOiR
TtbcTq74p0rgtWz/q3gyaa4UKXKuhK2qRuAZeTqvGXVOLbRxxQCHkDMckNluCrP/
nRlcBLKP3vnb1xoUZK6T6DmMr+oVi6PZti/AU66l8x1Gs1cN/wcf7UPHmdWVu+gY
q30B9cMNPq7LQLADZFetmxE=
-----END PRIVATE KEY-----
